<?xml version="1.0" encoding="UTF-8"?>
<testng-results skipped="0" failed="0" ignored="0" total="1" passed="1">
  <reporter-output>
  </reporter-output>
  <suite name="Default suite" duration-ms="27556" started-at="2018-11-30T12:32:10Z" finished-at="2018-11-30T12:32:37Z">
    <groups>
    </groups>
    <test name="Default test" duration-ms="27556" started-at="2018-11-30T12:32:10Z" finished-at="2018-11-30T12:32:37Z">
      <class name="com.sgic.leavesystem.test.LoginTest">
        <test-method status="PASS" signature="setUp()[pri:0, instance:com.sgic.leavesystem.test.LoginTest@41a2befb]" name="setUp" is-config="true" duration-ms="5596" started-at="2018-11-30T12:32:10Z" finished-at="2018-11-30T12:32:15Z">
          <reporter-output>
          </reporter-output>
        </test-method> <!-- setUp -->
        <test-method status="PASS" signature="testOrangeHRM()[pri:0, instance:com.sgic.leavesystem.test.LoginTest@41a2befb]" name="testOrangeHRM" duration-ms="21036" started-at="2018-11-30T12:32:15Z" finished-at="2018-11-30T12:32:36Z">
          <reporter-output>
          </reporter-output>
        </test-method> <!-- testOrangeHRM -->
        <test-method status="PASS" signature="tearDown()[pri:0, instance:com.sgic.leavesystem.test.LoginTest@41a2befb]" name="tearDown" is-config="true" duration-ms="909" started-at="2018-11-30T12:32:36Z" finished-at="2018-11-30T12:32:37Z">
          <reporter-output>
          </reporter-output>
        </test-method> <!-- tearDown -->
      </class> <!-- com.sgic.leavesystem.test.LoginTest -->
    </test> <!-- Default test -->
  </suite> <!-- Default suite -->
</testng-results>
